<?xml version="1.0" encoding="UTF-8"?>
<!-- Generated by org.testng.reporters.JUnitReportReporter -->
<testsuite skipped="0" hostname="Tannazs-MacBook-Air.local" name="com.syntax.orangeHRM.test.initClass" tests="1" failures="0" timestamp="29 Dec 2018 16:20:54 GMT" time="6.325" errors="0">
  <testcase name="testRun" time="6.325" classname="com.syntax.orangeHRM.test.initClass"/>
</testsuite> <!-- com.syntax.orangeHRM.test.initClass -->
